1715986236587:ls
1715986237386:clear
1715986239154:cleaar
1715986242202:clear
1715986245307:hello-world
1715986277364:hello-world --arg 454
1715986325454:hello-world
1715986369710:hello-world --arg boot
1715986475648:hello-world
1715986650404:hello-world --help
1715986664525:hello-world -h
1715986847768:hello-world
1715986926026:helloworld --arg fksjfjks
1715986930347:helloworld -arg fsjkjs
1715986944811:hello-world --arg klfjsjfks
1715986950251:hello-world -arg fksjfs
1715987058669:hello-world
1715987065805:hello-world --arg fklsjfjs
1715987066692:cls
1715987067149:clear
1715989434753:hello-world --arg fksjfksj
1715989435958:clar
1715989437973:
1715989989817:user 1
1715990005699:user 0
1715993280322:users
1715993290049:user --id 4
1715993371899:ls
1715993438837:users
1715993682235:userse
1715993683451:users
1715993748187:usrs
1715993749324:users
1715993853976:useres
1715993854912:usrs
1715993855943:users
1715993943035:useres
1715993944145:usrs
1715993945554:users
1715994175730:run
1715994178208:users
1715994312868:delete-user --id 1
1715994316180:users
1715994317251:cls
1715994317732:clear
1715994318572:exit
1715995960161:users
